Handling lib "aws"...
The --lib flag was not given for it, checking repository
Prepared local dir: "C:\\Users\\admin\\.mos\\libs-1.14\\aws-1.14"
Handling lib "mqtt"...
The --lib flag was not given for it, checking repository
Prepared local dir: "C:\\Users\\admin\\.mos\\libs-1.14\\mqtt-1.14"
Handling lib "http-server"...
The --lib flag was not given for it, checking repository
Prepared local dir: "C:\\Users\\admin\\.mos\\libs-1.14\\http-server-1.14"
Handling lib "atca"...
The --lib flag was not given for it, checking repository
Prepared local dir: "C:\\Users\\admin\\.mos\\libs-1.14\\atca-1.14"
Handling lib "ethernet"...
The --lib flag was not given for it, checking repository
Prepared local dir: "C:\\Users\\admin\\.mos\\libs-1.14\\ethernet-1.14"
Handling lib "wifi"...
The --lib flag was not given for it, checking repository
Prepared local dir: "C:\\Users\\admin\\.mos\\libs-1.14\\wifi-1.14"
Handling lib "ota-http-server"...
The --lib flag was not given for it, checking repository
Prepared local dir: "C:\\Users\\admin\\.mos\\libs-1.14\\ota-http-server-1.14"
Handling lib "http-server"...
Already handled, skipping
Handling lib "ota-http-client"...
The --lib flag was not given for it, checking repository
Prepared local dir: "C:\\Users\\admin\\.mos\\libs-1.14\\ota-http-client-1.14"
Handling lib "i2c"...
The --lib flag was not given for it, checking repository
Prepared local dir: "C:\\Users\\admin\\.mos\\libs-1.14\\i2c-1.14"
Handling lib "rpc-loopback"...
The --lib flag was not given for it, checking repository
Prepared local dir: "C:\\Users\\admin\\.mos\\libs-1.14\\rpc-loopback-1.14"
Handling lib "rpc-common"...
The --lib flag was not given for it, checking repository
Prepared local dir: "C:\\Users\\admin\\.mos\\libs-1.14\\rpc-common-1.14"
Handling lib "http-server"...
Already handled, skipping
Handling lib "rpc-mqtt"...
The --lib flag was not given for it, checking repository
Prepared local dir: "C:\\Users\\admin\\.mos\\libs-1.14\\rpc-mqtt-1.14"
Handling lib "mqtt"...
Already handled, skipping
Handling lib "rpc-common"...
Already handled, skipping
Handling lib "rpc-service-config"...
The --lib flag was not given for it, checking repository
Prepared local dir: "C:\\Users\\admin\\.mos\\libs-1.14\\rpc-service-config-1.14"
Handling lib "rpc-common"...
Already handled, skipping
Handling lib "rpc-service-fs"...
The --lib flag was not given for it, checking repository
Prepared local dir: "C:\\Users\\admin\\.mos\\libs-1.14\\rpc-service-fs-1.14"
Handling lib "rpc-common"...
Already handled, skipping
Handling lib "rpc-service-gpio"...
The --lib flag was not given for it, checking repository
Prepared local dir: "C:\\Users\\admin\\.mos\\libs-1.14\\rpc-service-gpio-1.14"
Handling lib "rpc-common"...
Already handled, skipping
Handling lib "rpc-service-i2c"...
The --lib flag was not given for it, checking repository
Prepared local dir: "C:\\Users\\admin\\.mos\\libs-1.14\\rpc-service-i2c-1.14"
Handling lib "i2c"...
Already handled, skipping
Handling lib "rpc-common"...
Already handled, skipping
Handling lib "rpc-service-ota"...
The --lib flag was not given for it, checking repository
Prepared local dir: "C:\\Users\\admin\\.mos\\libs-1.14\\rpc-service-ota-1.14"
Handling lib "ota-http-client"...
Already handled, skipping
Handling lib "rpc-common"...
Already handled, skipping
Handling lib "rpc-uart"...
The --lib flag was not given for it, checking repository
Prepared local dir: "C:\\Users\\admin\\.mos\\libs-1.14\\rpc-uart-1.14"
Handling lib "rpc-common"...
Already handled, skipping
Handling lib "spi"...
The --lib flag was not given for it, checking repository
Prepared local dir: "C:\\Users\\admin\\.mos\\libs-1.14\\spi-1.14"
Handling lib "vfs-dev-spi-flash"...
The --lib flag was not given for it, checking repository
Prepared local dir: "C:\\Users\\admin\\.mos\\libs-1.14\\vfs-dev-spi-flash-1.14"
Handling lib "spi"...
Already handled, skipping
Handling lib "wifi"...
The --lib flag was not given for it, checking repository
Prepared local dir: "C:\\Users\\admin\\.mos\\libs-1.14\\wifi-1.14"
Handling lib "mqtt"...
Already handled, skipping
Connecting to https://mongoose.cloud, user test
Uploading sources (5383 bytes)
